<?xml version="1.0" encoding="UTF-8"?>
<testng-results ignored="0" total="4" passed="3" failed="1" skipped="0">
  <reporter-output>
  </reporter-output>
  <suite started-at="2023-12-30T02:50:20Z" name="Suite" finished-at="2023-12-30T02:51:15Z" duration-ms="55200">
    <groups>
    </groups>
    <test started-at="2023-12-30T02:50:20Z" name="Test" finished-at="2023-12-30T02:51:15Z" duration-ms="55200">
      <class name="tests.LoginTest">
        <test-method is-config="true" signature="beforeMethod()[pri:0, instance:tests.LoginTest@6ff29830]" started-at="2023-12-30T02:50:20Z" name="beforeMethod" finished-at="2023-12-30T02:50:28Z" duration-ms="7626" status="PASS">
          <reporter-output>
          </reporter-output>
        </test-method> <!-- beforeMethod -->
        <test-method signature="loginWithEmptyPwd()[pri:0, instance:tests.LoginTest@6ff29830]" started-at="2023-12-30T02:50:28Z" name="loginWithEmptyPwd" finished-at="2023-12-30T02:50:34Z" duration-ms="6289" status="PASS">
          <reporter-output>
          </reporter-output>
        </test-method> <!-- loginWithEmptyPwd -->
        <test-method is-config="true" signature="afterMethod()[pri:0, instance:tests.LoginTest@6ff29830]" started-at="2023-12-30T02:50:34Z" name="afterMethod" finished-at="2023-12-30T02:50:35Z" duration-ms="935" status="PASS">
          <reporter-output>
          </reporter-output>
        </test-method> <!-- afterMethod -->
        <test-method is-config="true" signature="beforeMethod()[pri:0, instance:tests.LoginTest@6ff29830]" started-at="2023-12-30T02:50:35Z" name="beforeMethod" finished-at="2023-12-30T02:50:41Z" duration-ms="6167" status="PASS">
          <reporter-output>
          </reporter-output>
        </test-method> <!-- beforeMethod -->
        <test-method signature="loginWithEmptyemail()[pri:0, instance:tests.LoginTest@6ff29830]" started-at="2023-12-30T02:50:41Z" name="loginWithEmptyemail" finished-at="2023-12-30T02:50:47Z" duration-ms="6249" status="PASS">
          <reporter-output>
          </reporter-output>
        </test-method> <!-- loginWithEmptyemail -->
        <test-method is-config="true" signature="afterMethod()[pri:0, instance:tests.LoginTest@6ff29830]" started-at="2023-12-30T02:50:47Z" name="afterMethod" finished-at="2023-12-30T02:50:48Z" duration-ms="884" status="PASS">
          <reporter-output>
          </reporter-output>
        </test-method> <!-- afterMethod -->
        <test-method is-config="true" signature="beforeMethod()[pri:0, instance:tests.LoginTest@6ff29830]" started-at="2023-12-30T02:50:48Z" name="beforeMethod" finished-at="2023-12-30T02:50:56Z" duration-ms="7372" status="PASS">
          <reporter-output>
          </reporter-output>
        </test-method> <!-- beforeMethod -->
        <test-method signature="loginWithSpecialCharEmail()[pri:0, instance:tests.LoginTest@6ff29830]" started-at="2023-12-30T02:50:56Z" name="loginWithSpecialCharEmail" finished-at="2023-12-30T02:51:00Z" duration-ms="4542" status="PASS">
          <reporter-output>
          </reporter-output>
        </test-method> <!-- loginWithSpecialCharEmail -->
        <test-method is-config="true" signature="afterMethod()[pri:0, instance:tests.LoginTest@6ff29830]" started-at="2023-12-30T02:51:00Z" name="afterMethod" finished-at="2023-12-30T02:51:01Z" duration-ms="886" status="PASS">
          <reporter-output>
          </reporter-output>
        </test-method> <!-- afterMethod -->
        <test-method is-config="true" signature="beforeMethod()[pri:0, instance:tests.LoginTest@6ff29830]" started-at="2023-12-30T02:51:01Z" name="beforeMethod" finished-at="2023-12-30T02:51:08Z" duration-ms="7113" status="PASS">
          <reporter-output>
          </reporter-output>
        </test-method> <!-- beforeMethod -->
        <test-method signature="loginWithWronEmailandWronPWD()[pri:0, instance:tests.LoginTest@6ff29830]" started-at="2023-12-30T02:51:08Z" name="loginWithWronEmailandWronPWD" finished-at="2023-12-30T02:51:14Z" duration-ms="6214" status="FAIL">
          <exception class="org.openqa.selenium.NoSuchElementException">
            <message>
              <![CDATA[Unable to locate element: //div[@id='globalError']
For documentation on this error, please visit: https://www.selenium.dev/documentation/webdriver/troubleshooting/errors#no-such-element-exception
Build info: version: '4.15.0', revision: '1d14b5521b'
System info: os.name: 'Mac OS X', os.arch: 'x86_64', os.version: '10.14.6', java.version: '21.0.1'
Driver info: org.openqa.selenium.firefox.FirefoxDriver
Command: [9a6dd4dd-2e95-4571-8ed6-a626734b13d7, findElement {using=xpath, value=//div[@id='globalError']}]
Capabilities {acceptInsecureCerts: true, browserName: firefox, browserVersion: 115.6.0, moz:accessibilityChecks: false, moz:buildID: 20231211164624, moz:debuggerAddress: 127.0.0.1:11537, moz:geckodriverVersion: 0.33.0, moz:headless: false, moz:platformVersion: 18.7.0, moz:processID: 14266, moz:profile: /var/folders/9p/dz39_4md2d3..., moz:shutdownTimeout: 60000, moz:useNonSpecCompliantPointerOrigin: false, moz:webdriverClick: true, moz:windowless: false, pageLoadStrategy: normal, platformName: mac, proxy: Proxy(), se:cdp: ws://127.0.0.1:11537/devtoo..., se:cdpVersion: 85.0, setWindowRect: true, strictFileInteractability: false, timeouts: {implicit: 0, pageLoad: 300000, script: 30000}, unhandledPromptBehavior: dismiss and notify}
Session ID: 9a6dd4dd-2e95-4571-8ed6-a626734b13d7]]>
            </message>
            <full-stacktrace>
              <![CDATA[org.openqa.selenium.NoSuchElementException: Unable to locate element: //div[@id='globalError']
For documentation on this error, please visit: https://www.selenium.dev/documentation/webdriver/troubleshooting/errors#no-such-element-exception
Build info: version: '4.15.0', revision: '1d14b5521b'
System info: os.name: 'Mac OS X', os.arch: 'x86_64', os.version: '10.14.6', java.version: '21.0.1'
Driver info: org.openqa.selenium.firefox.FirefoxDriver
Command: [9a6dd4dd-2e95-4571-8ed6-a626734b13d7, findElement {using=xpath, value=//div[@id='globalError']}]
Capabilities {acceptInsecureCerts: true, browserName: firefox, browserVersion: 115.6.0, moz:accessibilityChecks: false, moz:buildID: 20231211164624, moz:debuggerAddress: 127.0.0.1:11537, moz:geckodriverVersion: 0.33.0, moz:headless: false, moz:platformVersion: 18.7.0, moz:processID: 14266, moz:profile: /var/folders/9p/dz39_4md2d3..., moz:shutdownTimeout: 60000, moz:useNonSpecCompliantPointerOrigin: false, moz:webdriverClick: true, moz:windowless: false, pageLoadStrategy: normal, platformName: mac, proxy: Proxy(), se:cdp: ws://127.0.0.1:11537/devtoo..., se:cdpVersion: 85.0, setWindowRect: true, strictFileInteractability: false, timeouts: {implicit: 0, pageLoad: 300000, script: 30000}, unhandledPromptBehavior: dismiss and notify}
Session ID: 9a6dd4dd-2e95-4571-8ed6-a626734b13d7
at java.base/jdk.internal.reflect.DirectConstructorHandleAccessor.newInstance(DirectConstructorHandleAccessor.java:62)
at java.base/java.lang.reflect.Constructor.newInstanceWithCaller(Constructor.java:502)
at java.base/java.lang.reflect.Constructor.newInstance(Constructor.java:486)
at org.openqa.selenium.remote.codec.w3c.W3CHttpResponseCodec.createException(W3CHttpResponseCodec.java:200)
at org.openqa.selenium.remote.codec.w3c.W3CHttpResponseCodec.decode(W3CHttpResponseCodec.java:133)
at org.openqa.selenium.remote.codec.w3c.W3CHttpResponseCodec.decode(W3CHttpResponseCodec.java:52)
at org.openqa.selenium.remote.HttpCommandExecutor.execute(HttpCommandExecutor.java:191)
at org.openqa.selenium.remote.service.DriverCommandExecutor.invokeExecute(DriverCommandExecutor.java:200)
at org.openqa.selenium.remote.service.DriverCommandExecutor.execute(DriverCommandExecutor.java:175)
at org.openqa.selenium.remote.RemoteWebDriver.execute(RemoteWebDriver.java:607)
at org.openqa.selenium.remote.ElementLocation$ElementFinder$2.findElement(ElementLocation.java:165)
at org.openqa.selenium.remote.ElementLocation.findElement(ElementLocation.java:59)
at org.openqa.selenium.remote.RemoteWebDriver.findElement(RemoteWebDriver.java:364)
at org.openqa.selenium.remote.RemoteWebDriver.findElement(RemoteWebDriver.java:358)
at org.openqa.selenium.support.pagefactory.DefaultElementLocator.findElement(DefaultElementLocator.java:68)
at org.openqa.selenium.support.pagefactory.internal.LocatingElementHandler.invoke(LocatingElementHandler.java:38)
at jdk.proxy2/jdk.proxy2.$Proxy11.getText(Unknown Source)
at pages.LoginPage.readGlblErr(LoginPage.java:77)
at tests.LoginTest.loginWithWronEmailandWronPWD(LoginTest.java:55)
at java.base/jdk.internal.reflect.DirectMethodHandleAccessor.invoke(DirectMethodHandleAccessor.java:103)
at java.base/java.lang.reflect.Method.invoke(Method.java:580)
at org.testng.internal.MethodInvocationHelper.invokeMethod(MethodInvocationHelper.java:124)
at org.testng.internal.Invoker.invokeMethod(Invoker.java:580)
at org.testng.internal.Invoker.invokeTestMethod(Invoker.java:716)
at org.testng.internal.Invoker.invokeTestMethods(Invoker.java:988)
at org.testng.internal.TestMethodWorker.invokeTestMethods(TestMethodWorker.java:125)
at org.testng.internal.TestMethodWorker.run(TestMethodWorker.java:109)
at org.testng.TestRunner.privateRun(TestRunner.java:648)
at org.testng.TestRunner.run(TestRunner.java:505)
at org.testng.SuiteRunner.runTest(SuiteRunner.java:455)
at org.testng.SuiteRunner.runSequentially(SuiteRunner.java:450)
at org.testng.SuiteRunner.privateRun(SuiteRunner.java:415)
at org.testng.SuiteRunner.run(SuiteRunner.java:364)
at org.testng.SuiteRunnerWorker.runSuite(SuiteRunnerWorker.java:52)
at org.testng.SuiteRunnerWorker.run(SuiteRunnerWorker.java:84)
at org.testng.TestNG.runSuitesSequentially(TestNG.java:1208)
at org.testng.TestNG.runSuitesLocally(TestNG.java:1137)
at org.testng.TestNG.runSuites(TestNG.java:1049)
at org.testng.TestNG.run(TestNG.java:1017)
at org.testng.TestNG.privateMain(TestNG.java:1354)
at org.testng.TestNG.main(TestNG.java:1323)
]]>
            </full-stacktrace>
          </exception> <!-- org.openqa.selenium.NoSuchElementException -->
          <reporter-output>
          </reporter-output>
        </test-method> <!-- loginWithWronEmailandWronPWD -->
        <test-method is-config="true" signature="afterMethod()[pri:0, instance:tests.LoginTest@6ff29830]" started-at="2023-12-30T02:51:15Z" name="afterMethod" finished-at="2023-12-30T02:51:15Z" duration-ms="883" status="PASS">
          <reporter-output>
          </reporter-output>
        </test-method> <!-- afterMethod -->
      </class> <!-- tests.LoginTest -->
    </test> <!-- Test -->
  </suite> <!-- Suite -->
</testng-results>
